{"/home/hoangnam/projects/Archive (1)/data_test.js": {"path":"/home/hoangnam/projects/Archive (1)/data_test.js","statementMap":{"0":{"start":{"line":1,"column":0},"end":{"line":111,"column":1}}},"fnMap":{},"branchMap":{},"s":{"0":1},"f":{},"b":{},"_coverageSchema":"1a1c01bbd47fc00a2c39e90264f33305004495a9","hash":"c8896f8c01254c1491277148291c781b8b65323a"}
,"/home/hoangnam/projects/Archive (1)/database.js": {"path":"/home/hoangnam/projects/Archive (1)/database.js","statementMap":{"0":{"start":{"line":1,"column":17},"end":{"line":1,"column":36}},"1":{"start":{"line":2,"column":14},"end":{"line":2,"column":42}},"2":{"start":{"line":4,"column":10},"end":{"line":4,"column":27}},"3":{"start":{"line":6,"column":0},"end":{"line":6,"column":40}},"4":{"start":{"line":8,"column":0},"end":{"line":197,"column":2}},"5":{"start":{"line":10,"column":4},"end":{"line":23,"column":7}},"6":{"start":{"line":11,"column":6},"end":{"line":22,"column":7}},"7":{"start":{"line":12,"column":8},"end":{"line":12,"column":45}},"8":{"start":{"line":13,"column":17},"end":{"line":16,"column":9}},"9":{"start":{"line":17,"column":8},"end":{"line":17,"column":44}},"10":{"start":{"line":18,"column":8},"end":{"line":18,"column":27}},"11":{"start":{"line":20,"column":8},"end":{"line":20,"column":27}},"12":{"start":{"line":21,"column":8},"end":{"line":21,"column":24}},"13":{"start":{"line":27,"column":4},"end":{"line":37,"column":7}},"14":{"start":{"line":28,"column":6},"end":{"line":36,"column":7}},"15":{"start":{"line":29,"column":8},"end":{"line":29,"column":48}},"16":{"start":{"line":30,"column":8},"end":{"line":30,"column":30}},"17":{"start":{"line":31,"column":8},"end":{"line":31,"column":46}},"18":{"start":{"line":32,"column":8},"end":{"line":32,"column":25}},"19":{"start":{"line":34,"column":8},"end":{"line":34,"column":27}},"20":{"start":{"line":35,"column":8},"end":{"line":35,"column":24}},"21":{"start":{"line":83,"column":4},"end":{"line":195,"column":5}},"22":{"start":{"line":92,"column":10},"end":{"line":92,"column":20}},"23":{"start":{"line":95,"column":24},"end":{"line":95,"column":74}},"24":{"start":{"line":98,"column":6},"end":{"line":192,"column":6}},"25":{"start":{"line":99,"column":8},"end":{"line":114,"column":9}},"26":{"start":{"line":100,"column":10},"end":{"line":100,"column":69}},"27":{"start":{"line":101,"column":10},"end":{"line":112,"column":11}},"28":{"start":{"line":113,"column":10},"end":{"line":113,"column":27}},"29":{"start":{"line":117,"column":8},"end":{"line":164,"column":10}},"30":{"start":{"line":119,"column":10},"end":{"line":163,"column":12}},"31":{"start":{"line":120,"column":30},"end":{"line":123,"column":13}},"32":{"start":{"line":125,"column":29},"end":{"line":128,"column":13}},"33":{"start":{"line":130,"column":12},"end":{"line":130,"column":59}},"34":{"start":{"line":131,"column":12},"end":{"line":162,"column":13}},"35":{"start":{"line":132,"column":31},"end":{"line":132,"column":42}},"36":{"start":{"line":133,"column":31},"end":{"line":133,"column":43}},"37":{"start":{"line":135,"column":14},"end":{"line":155,"column":16}},"38":{"start":{"line":136,"column":16},"end":{"line":154,"column":18}},"39":{"start":{"line":137,"column":18},"end":{"line":153,"column":19}},"40":{"start":{"line":138,"column":36},"end":{"line":138,"column":48}},"41":{"start":{"line":139,"column":37},"end":{"line":139,"column":49}},"42":{"start":{"line":140,"column":20},"end":{"line":146,"column":22}},"43":{"start":{"line":141,"column":22},"end":{"line":145,"column":24}},"44":{"start":{"line":142,"column":24},"end":{"line":144,"column":25}},"45":{"start":{"line":143,"column":26},"end":{"line":143,"column":52}},"46":{"start":{"line":147,"column":20},"end":{"line":151,"column":21}},"47":{"start":{"line":148,"column":22},"end":{"line":150,"column":24}},"48":{"start":{"line":149,"column":24},"end":{"line":149,"column":41}},"49":{"start":{"line":152,"column":20},"end":{"line":152,"column":46}},"50":{"start":{"line":156,"column":14},"end":{"line":160,"column":15}},"51":{"start":{"line":157,"column":16},"end":{"line":159,"column":18}},"52":{"start":{"line":158,"column":20},"end":{"line":158,"column":39}},"53":{"start":{"line":161,"column":14},"end":{"line":161,"column":51}},"54":{"start":{"line":166,"column":8},"end":{"line":170,"column":9}},"55":{"start":{"line":167,"column":10},"end":{"line":169,"column":12}},"56":{"start":{"line":168,"column":12},"end":{"line":168,"column":30}},"57":{"start":{"line":173,"column":6},"end":{"line":184,"column":9}},"58":{"start":{"line":185,"column":8},"end":{"line":185,"column":25}},"59":{"start":{"line":189,"column":8},"end":{"line":189,"column":38}},"60":{"start":{"line":190,"column":8},"end":{"line":190,"column":39}},"61":{"start":{"line":191,"column":8},"end":{"line":191,"column":25}},"62":{"start":{"line":194,"column":6},"end":{"line":194,"column":23}}},"fnMap":{"0":{"name":"(anonymous_0)","decl":{"start":{"line":9,"column":11},"end":{"line":9,"column":12}},"loc":{"start":{"line":9,"column":23},"end":{"line":24,"column":3}},"line":9},"1":{"name":"(anonymous_1)","decl":{"start":{"line":10,"column":23},"end":{"line":10,"column":24}},"loc":{"start":{"line":10,"column":50},"end":{"line":23,"column":5}},"line":10},"2":{"name":"(anonymous_2)","decl":{"start":{"line":26,"column":14},"end":{"line":26,"column":15}},"loc":{"start":{"line":26,"column":28},"end":{"line":38,"column":3}},"line":26},"3":{"name":"(anonymous_3)","decl":{"start":{"line":27,"column":23},"end":{"line":27,"column":24}},"loc":{"start":{"line":27,"column":50},"end":{"line":37,"column":5}},"line":27},"4":{"name":"(anonymous_4)","decl":{"start":{"line":82,"column":23},"end":{"line":82,"column":24}},"loc":{"start":{"line":82,"column":51},"end":{"line":196,"column":3}},"line":82},"5":{"name":"(anonymous_5)","decl":{"start":{"line":117,"column":24},"end":{"line":117,"column":25}},"loc":{"start":{"line":117,"column":42},"end":{"line":164,"column":9}},"line":117},"6":{"name":"(anonymous_6)","decl":{"start":{"line":119,"column":36},"end":{"line":119,"column":37}},"loc":{"start":{"line":119,"column":56},"end":{"line":163,"column":11}},"line":119},"7":{"name":"(anonymous_7)","decl":{"start":{"line":135,"column":31},"end":{"line":135,"column":32}},"loc":{"start":{"line":135,"column":44},"end":{"line":155,"column":15}},"line":135},"8":{"name":"(anonymous_8)","decl":{"start":{"line":136,"column":33},"end":{"line":136,"column":34}},"loc":{"start":{"line":136,"column":55},"end":{"line":154,"column":17}},"line":136},"9":{"name":"(anonymous_9)","decl":{"start":{"line":140,"column":36},"end":{"line":140,"column":37}},"loc":{"start":{"line":140,"column":47},"end":{"line":146,"column":21}},"line":140},"10":{"name":"(anonymous_10)","decl":{"start":{"line":141,"column":39},"end":{"line":141,"column":40}},"loc":{"start":{"line":141,"column":61},"end":{"line":145,"column":23}},"line":141},"11":{"name":"(anonymous_11)","decl":{"start":{"line":148,"column":39},"end":{"line":148,"column":40}},"loc":{"start":{"line":148,"column":46},"end":{"line":150,"column":23}},"line":148},"12":{"name":"(anonymous_12)","decl":{"start":{"line":157,"column":33},"end":{"line":157,"column":34}},"loc":{"start":{"line":157,"column":41},"end":{"line":159,"column":17}},"line":157},"13":{"name":"(anonymous_13)","decl":{"start":{"line":167,"column":36},"end":{"line":167,"column":37}},"loc":{"start":{"line":167,"column":44},"end":{"line":169,"column":11}},"line":167}},"branchMap":{"0":{"loc":{"start":{"line":98,"column":6},"end":{"line":192,"column":6}},"type":"if","locations":[{"start":{"line":98,"column":6},"end":{"line":192,"column":6}},{"start":{"line":98,"column":6},"end":{"line":192,"column":6}}],"line":98},"1":{"loc":{"start":{"line":99,"column":8},"end":{"line":114,"column":9}},"type":"if","locations":[{"start":{"line":99,"column":8},"end":{"line":114,"column":9}},{"start":{"line":99,"column":8},"end":{"line":114,"column":9}}],"line":99},"2":{"loc":{"start":{"line":131,"column":12},"end":{"line":162,"column":13}},"type":"if","locations":[{"start":{"line":131,"column":12},"end":{"line":162,"column":13}},{"start":{"line":131,"column":12},"end":{"line":162,"column":13}}],"line":131},"3":{"loc":{"start":{"line":137,"column":18},"end":{"line":153,"column":19}},"type":"if","locations":[{"start":{"line":137,"column":18},"end":{"line":153,"column":19}},{"start":{"line":137,"column":18},"end":{"line":153,"column":19}}],"line":137},"4":{"loc":{"start":{"line":142,"column":24},"end":{"line":144,"column":25}},"type":"if","locations":[{"start":{"line":142,"column":24},"end":{"line":144,"column":25}},{"start":{"line":142,"column":24},"end":{"line":144,"column":25}}],"line":142},"5":{"loc":{"start":{"line":147,"column":20},"end":{"line":151,"column":21}},"type":"if","locations":[{"start":{"line":147,"column":20},"end":{"line":151,"column":21}},{"start":{"line":147,"column":20},"end":{"line":151,"column":21}}],"line":147},"6":{"loc":{"start":{"line":156,"column":14},"end":{"line":160,"column":15}},"type":"if","locations":[{"start":{"line":156,"column":14},"end":{"line":160,"column":15}},{"start":{"line":156,"column":14},"end":{"line":160,"column":15}}],"line":156},"7":{"loc":{"start":{"line":166,"column":8},"end":{"line":170,"column":9}},"type":"if","locations":[{"start":{"line":166,"column":8},"end":{"line":170,"column":9}},{"start":{"line":166,"column":8},"end":{"line":170,"column":9}}],"line":166}},"s":{"0":1,"1":1,"2":1,"3":1,"4":1,"5":0,"6":0,"7":0,"8":0,"9":0,"10":0,"11":0,"12":0,"13":0,"14":0,"15":0,"16":0,"17":0,"18":0,"19":0,"20":0,"21":1,"22":1,"23":1,"24":1,"25":1,"26":0,"27":0,"28":0,"29":1,"30":1,"31":2,"32":2,"33":2,"34":2,"35":0,"36":0,"37":0,"38":0,"39":0,"40":0,"41":0,"42":0,"43":0,"44":0,"45":0,"46":0,"47":0,"48":0,"49":0,"50":0,"51":0,"52":0,"53":0,"54":1,"55":1,"56":2,"57":1,"58":1,"59":0,"60":0,"61":0,"62":0},"f":{"0":0,"1":0,"2":0,"3":0,"4":1,"5":1,"6":2,"7":0,"8":0,"9":0,"10":0,"11":0,"12":0,"13":2},"b":{"0":[1,0],"1":[0,1],"2":[0,2],"3":[0,0],"4":[0,0],"5":[0,0],"6":[0,0],"7":[1,0]},"_coverageSchema":"1a1c01bbd47fc00a2c39e90264f33305004495a9","hash":"7fb4f650817049d7c53567be0e5daa6d270484a3"}
,"/home/hoangnam/projects/Archive (1)/models/oc_event.js": {"path":"/home/hoangnam/projects/Archive (1)/models/oc_event.js","statementMap":{"0":{"start":{"line":1,"column":17},"end":{"line":1,"column":36}},"1":{"start":{"line":2,"column":15},"end":{"line":2,"column":30}},"2":{"start":{"line":4,"column":20},"end":{"line":81,"column":2}},"3":{"start":{"line":82,"column":0},"end":{"line":82,"column":54}}},"fnMap":{},"branchMap":{},"s":{"0":1,"1":1,"2":1,"3":1},"f":{},"b":{},"_coverageSchema":"1a1c01bbd47fc00a2c39e90264f33305004495a9","hash":"69c216fc27330c5a76f23722ec756d860de0469a"}
}
