TN:
SF:data_test.js
FNF:0
FNH:0
DA:1,1
LF:1
LH:1
BRF:0
BRH:0
end_of_record
TN:
SF:database.js
FN:9,(anonymous_0)
FN:10,(anonymous_1)
FN:26,(anonymous_2)
FN:27,(anonymous_3)
FN:82,(anonymous_4)
FN:117,(anonymous_5)
FN:119,(anonymous_6)
FN:135,(anonymous_7)
FN:136,(anonymous_8)
FN:140,(anonymous_9)
FN:141,(anonymous_10)
FN:148,(anonymous_11)
FN:157,(anonymous_12)
FN:167,(anonymous_13)
FNF:14
FNH:4
FNDA:0,(anonymous_0)
FNDA:0,(anonymous_1)
FNDA:0,(anonymous_2)
FNDA:0,(anonymous_3)
FNDA:1,(anonymous_4)
FNDA:1,(anonymous_5)
FNDA:2,(anonymous_6)
FNDA:0,(anonymous_7)
FNDA:0,(anonymous_8)
FNDA:0,(anonymous_9)
FNDA:0,(anonymous_10)
FNDA:0,(anonymous_11)
FNDA:0,(anonymous_12)
FNDA:2,(anonymous_13)
DA:1,1
DA:2,1
DA:4,1
DA:6,1
DA:8,1
DA:10,0
DA:11,0
DA:12,0
DA:13,0
DA:17,0
DA:18,0
DA:20,0
DA:21,0
DA:27,0
DA:28,0
DA:29,0
DA:30,0
DA:31,0
DA:32,0
DA:34,0
DA:35,0
DA:83,1
DA:92,1
DA:95,1
DA:98,1
DA:99,1
DA:100,0
DA:101,0
DA:113,0
DA:117,1
DA:119,1
DA:120,2
DA:125,2
DA:130,2
DA:131,2
DA:132,0
DA:133,0
DA:135,0
DA:136,0
DA:137,0
DA:138,0
DA:139,0
DA:140,0
DA:141,0
DA:142,0
DA:143,0
DA:147,0
DA:148,0
DA:149,0
DA:152,0
DA:156,0
DA:157,0
DA:158,0
DA:161,0
DA:166,1
DA:167,1
DA:168,2
DA:173,1
DA:185,1
DA:189,0
DA:190,0
DA:191,0
DA:194,0
LF:63
LH:21
BRDA:98,0,0,1
BRDA:98,0,1,0
BRDA:99,1,0,0
BRDA:99,1,1,1
BRDA:131,2,0,0
BRDA:131,2,1,2
BRDA:137,3,0,0
BRDA:137,3,1,0
BRDA:142,4,0,0
BRDA:142,4,1,0
BRDA:147,5,0,0
BRDA:147,5,1,0
BRDA:156,6,0,0
BRDA:156,6,1,0
BRDA:166,7,0,1
BRDA:166,7,1,0
BRF:16
BRH:4
end_of_record
TN:
SF:models/oc_event.js
FNF:0
FNH:0
DA:1,1
DA:2,1
DA:4,1
DA:82,1
LF:4
LH:4
BRF:0
BRH:0
end_of_record
